<?xml version="1.0" encoding="UTF-8"?>
<!-- Generated by org.testng.reporters.JUnitReportReporter -->
<testsuite hostname="LIN-PG02HC4J" failures="0" tests="6" name="com.runner.TestRunnerTestNG" time="83.587" errors="1" timestamp="2024-12-23T15:16:26 IST" skipped="0">
  <testcase classname="com.runner.TestRunnerTestNG" name="runScenario" time="13.998"/>
  <testcase classname="com.runner.TestRunnerTestNG" name="runScenario" time="21.557"/>
  <testcase classname="com.runner.TestRunnerTestNG" name="runScenario" time="14.451">
    <error message="Expected condition failed: waiting for visibility of element located by By.xpath: //*[@id=&quot;react-select-3-option-2&quot;]/div/label/span (tried for 10 second(s) with 500 milliseconds interval)
Build info: version: &#039;4.27.0&#039;, revision: &#039;d6e718d134&#039;
System info: os.name: &#039;Windows 11&#039;, os.arch: &#039;amd64&#039;, os.version: &#039;10.0&#039;, java.version: &#039;23&#039;
Driver info: org.openqa.selenium.chrome.ChromeDriver
Capabilities {acceptInsecureCerts: false, browserName: chrome, browserVersion: 131.0.6778.205, chrome: {chromedriverVersion: 131.0.6778.204 (52183f9e99a..., userDataDir: C:\Windows\SystemTemp\scope...}, fedcm:accounts: true, goog:chromeOptions: {debuggerAddress: localhost:57493}, networkConnectionEnabled: false, pageLoadStrategy: normal, platformName: windows, proxy: Proxy(), se:cdp: ws://localhost:57493/devtoo..., se:cdpVersion: 131.0.6778.205, setWindowRect: true, strictFileInteractability: false, timeouts: {implicit: 0, pageLoad: 300000, script: 30000}, unhandledPromptBehavior: dismiss and notify, webauthn:extension:credBlob: true, webauthn:extension:largeBlob: true, webauthn:extension:minPinLength: true, webauthn:extension:prf: true, webauthn:virtualAuthenticators: true}
Session ID: 3331ceb37c3448db175357c8a8701a8d" type="org.openqa.selenium.TimeoutException">
      <![CDATA[org.openqa.selenium.TimeoutException: Expected condition failed: waiting for visibility of element located by By.xpath: //*[@id="react-select-3-option-2"]/div/label/span (tried for 10 second(s) with 500 milliseconds interval)
Build info: version: '4.27.0', revision: 'd6e718d134'
System info: os.name: 'Windows 11', os.arch: 'amd64', os.version: '10.0', java.version: '23'
Driver info: org.openqa.selenium.chrome.ChromeDriver
Capabilities {acceptInsecureCerts: false, browserName: chrome, browserVersion: 131.0.6778.205, chrome: {chromedriverVersion: 131.0.6778.204 (52183f9e99a..., userDataDir: C:\Windows\SystemTemp\scope...}, fedcm:accounts: true, goog:chromeOptions: {debuggerAddress: localhost:57493}, networkConnectionEnabled: false, pageLoadStrategy: normal, platformName: windows, proxy: Proxy(), se:cdp: ws://localhost:57493/devtoo..., se:cdpVersion: 131.0.6778.205, setWindowRect: true, strictFileInteractability: false, timeouts: {implicit: 0, pageLoad: 300000, script: 30000}, unhandledPromptBehavior: dismiss and notify, webauthn:extension:credBlob: true, webauthn:extension:largeBlob: true, webauthn:extension:minPinLength: true, webauthn:extension:prf: true, webauthn:virtualAuthenticators: true}
Session ID: 3331ceb37c3448db175357c8a8701a8d
at org.openqa.selenium.support.ui.WebDriverWait.timeoutException(WebDriverWait.java:84)
at org.openqa.selenium.support.ui.FluentWait.until(FluentWait.java:228)
at com.pages.FilterPropertyPage.selectBHKType(FilterPropertyPage.java:65)
at com.stepDefination.FilterPropertyStep.i_select_as_the_bhk_type(FilterPropertyStep.java:60)
at âœ½.I select "2 BHK" as the BHK type(file:///C:/Users/parawat/Desktop/Sprint/NoBrokerProject/src/test/resources/Features/Home_Properties.feature:25)
]]>
    </error>
  </testcase> <!-- runScenario -->
  <testcase classname="com.runner.TestRunnerTestNG" name="runScenario" time="7.916"/>
  <testcase classname="com.runner.TestRunnerTestNG" name="runScenario" time="13.911"/>
  <testcase classname="com.runner.TestRunnerTestNG" name="runScenario" time="11.754"/>
</testsuite> <!-- com.runner.TestRunnerTestNG -->
